Currently Loaded Modulefiles:
  1) gcc/8.2.0                     4) cmake/3.14.0
  2) cuda/10.1                     5) python/3.7-anaconda-2019-10
  3) openmpi/2.1.3-gnu
find: ‘run1c/data’: No such file or directory
srun: Job step aborted: Waiting up to 32 seconds for job step to finish.
slurmstepd: error: *** JOB 759969 ON ichost114 CANCELLED AT 2021-03-22T16:32:06 ***
slurmstepd: error: *** STEP 759969.0 ON ichost114 CANCELLED AT 2021-03-22T16:32:06 ***
